# JRE version: OpenJDK Runtime Environment (8.0_152-b02) (build 1.8.0_152-release-1024-b02)
# Java VM: OpenJDK 64-Bit Server VM (25.152-b02 mixed mode windows-amd64 compressed oops)
Heap:
 PSYoungGen      total 198656K, used 120071K [0x00000000e0000000, 0x00000000eeb80000, 0x0000000100000000)
  eden space 159232K, 75% used [0x00000000e0000000,0x00000000e7541c68,0x00000000e9b80000)
  from space 39424K, 0% used [0x00000000ec500000,0x00000000ec500000,0x00000000eeb80000)
  to   space 40960K, 0% used [0x00000000e9b80000,0x00000000e9b80000,0x00000000ec380000)
 ParOldGen       total 154624K, used 68751K [0x00000000a0000000, 0x00000000a9700000, 0x00000000e0000000)
  object space 154624K, 44% used [0x00000000a0000000,0x00000000a4323ff8,0x00000000a9700000)
 Metaspace       used 97058K, capacity 101281K, committed 101976K, reserved 1138688K
  class space    used 12532K, capacity 13514K, committed 13696K, reserved 1048576K
GC Heap History (10 events):
Event: 2095.503 GC heap before
{Heap before GC invocations=30 (full 3):
 PSYoungGen      total 169984K, used 159185K [0x00000000e0000000, 0x00000000ed080000, 0x0000000100000000)
  eden space 130560K, 99% used [0x00000000e0000000,0x00000000e7e922a0,0x00000000e7f80000)
  from space 39424K, 75% used [0x00000000eaa00000,0x00000000ec6e22d0,0x00000000ed080000)
  to   space 41472K, 0% used [0x00000000e7f80000,0x00000000e7f80000,0x00000000ea800000)
 ParOldGen       total 154624K, used 69977K [0x00000000a0000000, 0x00000000a9700000, 0x00000000e0000000)
  object space 154624K, 45% used [0x00000000a0000000,0x00000000a4456698,0x00000000a9700000)
 Metaspace       used 89032K, capacity 92951K, committed 93144K, reserved 1130496K
  class space    used 11702K, capacity 12688K, committed 12800K, reserved 1048576K
Event: 2095.546 GC heap after
Heap after GC invocations=30 (full 3):
 PSYoungGen      total 157184K, used 29412K [0x00000000e0000000, 0x00000000ed080000, 0x0000000100000000)
  eden space 127488K, 0% used [0x00000000e0000000,0x00000000e0000000,0x00000000e7c80000)
  from space 29696K, 99% used [0x00000000e7f80000,0x00000000e9c39080,0x00000000e9c80000)
  to   space 43008K, 0% used [0x00000000ea680000,0x00000000ea680000,0x00000000ed080000)
 ParOldGen       total 154624K, used 69985K [0x00000000a0000000, 0x00000000a9700000, 0x00000000e0000000)
  object space 154624K, 45% used [0x00000000a0000000,0x00000000a4458698,0x00000000a9700000)
 Metaspace       used 89032K, capacity 92951K, committed 93144K, reserved 1130496K
  class space    used 11702K, capacity 12688K, committed 12800K, reserved 1048576K
}
Event: 2095.563 GC heap before
{Heap before GC invocations=31 (full 3):
 PSYoungGen      total 157184K, used 156557K [0x00000000e0000000, 0x00000000ed080000, 0x0000000100000000)
  eden space 127488K, 99% used [0x00000000e0000000,0x00000000e7c2a6f0,0x00000000e7c80000)
  from space 29696K, 99% used [0x00000000e7f80000,0x00000000e9c39080,0x00000000e9c80000)
  to   space 43008K, 0% used [0x00000000ea680000,0x00000000ea680000,0x00000000ed080000)
 ParOldGen       total 154624K, used 69985K [0x00000000a0000000, 0x00000000a9700000, 0x00000000e0000000)
  object space 154624K, 45% used [0x00000000a0000000,0x00000000a4458698,0x00000000a9700000)
 Metaspace       used 89037K, capacity 92951K, committed 93144K, reserved 1130496K
  class space    used 11702K, capacity 12688K, committed 12800K, reserved 1048576K
Event: 2095.596 GC heap after
Heap after GC invocations=31 (full 3):
 PSYoungGen      total 169984K, used 29104K [0x00000000e0000000, 0x00000000ef380000, 0x0000000100000000)
  eden space 126976K, 0% used [0x00000000e0000000,0x00000000e0000000,0x00000000e7c00000)
  from space 43008K, 67% used [0x00000000ea680000,0x00000000ec2ec078,0x00000000ed080000)
  to   space 43520K, 0% used [0x00000000e7c00000,0x00000000e7c00000,0x00000000ea680000)
 ParOldGen       total 154624K, used 69993K [0x00000000a0000000, 0x00000000a9700000, 0x00000000e0000000)
  object space 154624K, 45% used [0x00000000a0000000,0x00000000a445a698,0x00000000a9700000)
 Metaspace       used 89037K, capacity 92951K, committed 93144K, reserved 1130496K
  class space    used 11702K, capacity 12688K, committed 12800K, reserved 1048576K
}
Event: 2106.530 GC heap before
{Heap before GC invocations=32 (full 3):
 PSYoungGen      total 169984K, used 156080K [0x00000000e0000000, 0x00000000ef380000, 0x0000000100000000)
  eden space 126976K, 100% used [0x00000000e0000000,0x00000000e7c00000,0x00000000e7c00000)
  from space 43008K, 67% used [0x00000000ea680000,0x00000000ec2ec078,0x00000000ed080000)
  to   space 43520K, 0% used [0x00000000e7c00000,0x00000000e7c00000,0x00000000ea680000)
 ParOldGen       total 154624K, used 69993K [0x00000000a0000000, 0x00000000a9700000, 0x00000000e0000000)
  object space 154624K, 45% used [0x00000000a0000000,0x00000000a445a698,0x00000000a9700000)
 Metaspace       used 89445K, capacity 93439K, committed 93656K, reserved 1130496K
  class space    used 11748K, capacity 12734K, committed 12800K, reserved 1048576K
Event: 2106.572 GC heap after
Heap after GC invocations=32 (full 3):
 PSYoungGen      total 170496K, used 21154K [0x00000000e0000000, 0x00000000eed80000, 0x0000000100000000)
  eden space 126976K, 0% used [0x00000000e0000000,0x00000000e0000000,0x00000000e7c00000)
  from space 43520K, 48% used [0x00000000e7c00000,0x00000000e90a8a70,0x00000000ea680000)
  to   space 41472K, 0% used [0x00000000ec500000,0x00000000ec500000,0x00000000eed80000)
 ParOldGen       total 154624K, used 78865K [0x00000000a0000000, 0x00000000a9700000, 0x00000000e0000000)
  object space 154624K, 51% used [0x00000000a0000000,0x00000000a4d04680,0x00000000a9700000)
 Metaspace       used 89445K, capacity 93439K, committed 93656K, reserved 1130496K
  class space    used 11748K, capacity 12734K, committed 12800K, reserved 1048576K
}
Event: 2117.565 GC heap before
{Heap before GC invocations=33 (full 3):
 PSYoungGen      total 170496K, used 123761K [0x00000000e0000000, 0x00000000eed80000, 0x0000000100000000)
  eden space 126976K, 80% used [0x00000000e0000000,0x00000000e6433a08,0x00000000e7c00000)
  from space 43520K, 48% used [0x00000000e7c00000,0x00000000e90a8a70,0x00000000ea680000)
  to   space 41472K, 0% used [0x00000000ec500000,0x00000000ec500000,0x00000000eed80000)
 ParOldGen       total 154624K, used 78865K [0x00000000a0000000, 0x00000000a9700000, 0x00000000e0000000)
  object space 154624K, 51% used [0x00000000a0000000,0x00000000a4d04680,0x00000000a9700000)
 Metaspace       used 93792K, capacity 97995K, committed 98264K, reserved 1134592K
  class space    used 12264K, capacity 13283K, committed 13312K, reserved 1048576K
Event: 2117.603 GC heap after
Heap after GC invocations=33 (full 3):
 PSYoungGen      total 198656K, used 25924K [0x00000000e0000000, 0x00000000eeb80000, 0x0000000100000000)
  eden space 159232K, 0% used [0x00000000e0000000,0x00000000e0000000,0x00000000e9b80000)
  from space 39424K, 65% used [0x00000000ec500000,0x00000000ede51000,0x00000000eeb80000)
  to   space 40960K, 0% used [0x00000000e9b80000,0x00000000e9b80000,0x00000000ec380000)
 ParOldGen       total 154624K, used 80395K [0x00000000a0000000, 0x00000000a9700000, 0x00000000e0000000)
  object space 154624K, 51% used [0x00000000a0000000,0x00000000a4e82dd8,0x00000000a9700000)
 Metaspace       used 93792K, capacity 97995K, committed 98264K, reserved 1134592K
  class space    used 12264K, capacity 13283K, committed 13312K, reserved 1048576K
}
Event: 2117.603 GC heap before
{Heap before GC invocations=34 (full 4):
 PSYoungGen      total 198656K, used 25924K [0x00000000e0000000, 0x00000000eeb80000, 0x0000000100000000)
  eden space 159232K, 0% used [0x00000000e0000000,0x00000000e0000000,0x00000000e9b80000)
  from space 39424K, 65% used [0x00000000ec500000,0x00000000ede51000,0x00000000eeb80000)
  to   space 40960K, 0% used [0x00000000e9b80000,0x00000000e9b80000,0x00000000ec380000)
 ParOldGen       total 154624K, used 80395K [0x00000000a0000000, 0x00000000a9700000, 0x00000000e0000000)
  object space 154624K, 51% used [0x00000000a0000000,0x00000000a4e82dd8,0x00000000a9700000)
 Metaspace       used 93792K, capacity 97995K, committed 98264K, reserved 1134592K
  class space    used 12264K, capacity 13283K, committed 13312K, reserved 1048576K
Event: 2118.030 GC heap after
Heap after GC invocations=34 (full 4):
 PSYoungGen      total 198656K, used 0K [0x00000000e0000000, 0x00000000eeb80000, 0x0000000100000000)
  eden space 159232K, 0% used [0x00000000e0000000,0x00000000e0000000,0x00000000e9b80000)
  from space 39424K, 0% used [0x00000000ec500000,0x00000000ec500000,0x00000000eeb80000)
  to   space 40960K, 0% used [0x00000000e9b80000,0x00000000e9b80000,0x00000000ec380000)
 ParOldGen       total 154624K, used 68751K [0x00000000a0000000, 0x00000000a9700000, 0x00000000e0000000)
  object space 154624K, 44% used [0x00000000a0000000,0x00000000a4323ff8,0x00000000a9700000)
 Metaspace       used 92455K, capacity 96109K, committed 98264K, reserved 1134592K
  class space    used 11985K, capacity 12876K, committed 13312K, reserved 1048576K
}

